<?xml version="1.0" encoding="UTF-8"?>
<testng-results ignored="0" total="2" passed="0" failed="2" skipped="0">
  <reporter-output>
  </reporter-output>
  <suite started-at="2020-09-17T02:17:13 CDT" name="ProjectIII" finished-at="2020-09-17T02:17:54 CDT" duration-ms="40913">
    <groups>
      <group name="cucumber">
        <method signature="AbstractTestNGCucumberTests.runScenario(io.cucumber.testng.PickleWrapper, io.cucumber.testng.FeatureWrapper)[pri:0, instance:auto.framework.AmazonTestRunner@4facf68f]" name="runScenario" class="io.cucumber.testng.AbstractTestNGCucumberTests"/>
        <method signature="AbstractTestNGCucumberTests.runScenario(io.cucumber.testng.PickleWrapper, io.cucumber.testng.FeatureWrapper)[pri:0, instance:auto.framework.AmazonTestRunner@5f058f00]" name="runScenario" class="io.cucumber.testng.AbstractTestNGCucumberTests"/>
      </group> <!-- cucumber -->
    </groups>
    <test started-at="2020-09-17T02:17:13 CDT" name="Amazon-Chrome" finished-at="2020-09-17T02:17:34 CDT" duration-ms="20895">
      <class name="auto.framework.AmazonTestRunner">
        <test-method is-config="true" signature="initWebDriver(java.lang.String, java.lang.String)[pri:0, instance:auto.framework.AmazonTestRunner@4facf68f]" started-at="2020-09-17T02:17:13 CDT" name="initWebDriver" finished-at="2020-09-17T02:17:14 CDT" duration-ms="878" status="PASS">
          <params>
            <param index="0">
              <value>
                <![CDATA[chrome]]>
              </value>
            </param>
            <param index="1">
              <value>
                <![CDATA[local]]>
              </value>
            </param>
          </params>
          <reporter-output>
          </reporter-output>
        </test-method> <!-- initWebDriver -->
        <test-method is-config="true" signature="setUpClass()[pri:0, instance:auto.framework.AmazonTestRunner@4facf68f]" started-at="2020-09-17T02:17:14 CDT" name="setUpClass" finished-at="2020-09-17T02:17:14 CDT" duration-ms="366" status="PASS">
          <reporter-output>
          </reporter-output>
        </test-method> <!-- setUpClass -->
        <test-method signature="runScenario(io.cucumber.testng.PickleWrapper, io.cucumber.testng.FeatureWrapper)[pri:0, instance:auto.framework.AmazonTestRunner@4facf68f]" started-at="2020-09-17T02:17:15 CDT" name="runScenario" description="Runs Cucumber Scenarios" data-provider="scenarios" finished-at="2020-09-17T02:17:31 CDT" duration-ms="16906" status="FAIL">
          <params>
            <param index="0">
              <value>
                <![CDATA["Search Mobile and Add to Cart"]]>
              </value>
            </param>
            <param index="1">
              <value>
                <![CDATA["Optional[Validate URL redirection]"]]>
              </value>
            </param>
          </params>
          <exception class="org.openqa.selenium.TimeoutException">
            <message>
              <![CDATA[Expected condition failed: waiting for visibility of [[RemoteWebDriver: chrome on LINUX (379c173e4678734102feac38120e4a0a)] -> xpath: //div[@id='contextualIngressPtLabel_deliveryShortLine']] (tried for 10 second(s) with 500 milliseconds interval)
Build info: version: '3.141.59', revision: 'e82be7d358', time: '2018-11-14T08:17:03'
System info: host: 'autodev', ip: '192.168.1.247', os.name: 'Linux', os.arch: 'amd64', os.version: '5.4.0-45-generic', java.version: '11.0.8'
Driver info: org.openqa.selenium.remote.RemoteWebDriver
Capabilities {acceptInsecureCerts: false, browserName: chrome, browserVersion: 85.0.4183.83, chrome: {chromedriverVersion: 84.0.4147.30 (48b3e868b4cc0..., userDataDir: /tmp/.com.google.Chrome.esMRUO}, goog:chromeOptions: {debuggerAddress: localhost:38413}, javascriptEnabled: true, networkConnectionEnabled: false, pageLoadStrategy: normal, platform: LINUX, platformName: LINUX, proxy: Proxy(), setWindowRect: true, strictFileInteractability: false, timeouts: {implicit: 0, pageLoad: 300000, script: 30000}, unhandledPromptBehavior: dismiss and notify, webauthn:virtualAuthenticators: true, webdriver.remote.sessionid: 379c173e4678734102feac38120...}
Session ID: 379c173e4678734102feac38120e4a0a]]>
            </message>
            <full-stacktrace>
              <![CDATA[org.openqa.selenium.TimeoutException: Expected condition failed: waiting for visibility of [[RemoteWebDriver: chrome on LINUX (379c173e4678734102feac38120e4a0a)] -> xpath: //div[@id='contextualIngressPtLabel_deliveryShortLine']] (tried for 10 second(s) with 500 milliseconds interval)
Build info: version: '3.141.59', revision: 'e82be7d358', time: '2018-11-14T08:17:03'
System info: host: 'autodev', ip: '192.168.1.247', os.name: 'Linux', os.arch: 'amd64', os.version: '5.4.0-45-generic', java.version: '11.0.8'
Driver info: org.openqa.selenium.remote.RemoteWebDriver
Capabilities {acceptInsecureCerts: false, browserName: chrome, browserVersion: 85.0.4183.83, chrome: {chromedriverVersion: 84.0.4147.30 (48b3e868b4cc0..., userDataDir: /tmp/.com.google.Chrome.esMRUO}, goog:chromeOptions: {debuggerAddress: localhost:38413}, javascriptEnabled: true, networkConnectionEnabled: false, pageLoadStrategy: normal, platform: LINUX, platformName: LINUX, proxy: Proxy(), setWindowRect: true, strictFileInteractability: false, timeouts: {implicit: 0, pageLoad: 300000, script: 30000}, unhandledPromptBehavior: dismiss and notify, webauthn:virtualAuthenticators: true, webdriver.remote.sessionid: 379c173e4678734102feac38120...}
Session ID: 379c173e4678734102feac38120e4a0a
at org.openqa.selenium.support.ui.WebDriverWait.timeoutException(WebDriverWait.java:95)
at org.openqa.selenium.support.ui.FluentWait.until(FluentWait.java:272)
at auto.framework.pageobjects.Page.waitForElement(Page.java:90)
at com.amazon.pom.category.electronics.Mobile.changeDeliveryLocation(Mobile.java:134)
at com.amazon.test.AmazonTestBase.changeDeliveryLocation(AmazonTestBase.java:175)
at com.amazon.test.AmazonTestMobileAddToCart.user_changes_delivery_location_and_validates(AmazonTestMobileAddToCart.java:36)
at ✽.User changes delivery location 600088 and validates(file:///home/rmuruge/eclipse-workspace/cucumber-project/selenium-cucumber-framework/features/amazon/amz-validate-urls.feature:104)
]]>
            </full-stacktrace>
          </exception> <!-- org.openqa.selenium.TimeoutException -->
          <reporter-output>
          </reporter-output>
        </test-method> <!-- runScenario -->
        <test-method is-config="true" signature="takeScreenShot()[pri:0, instance:auto.framework.AmazonTestRunner@4facf68f]" started-at="2020-09-17T02:17:32 CDT" name="takeScreenShot" finished-at="2020-09-17T02:17:32 CDT" duration-ms="344" status="PASS">
          <reporter-output>
          </reporter-output>
        </test-method> <!-- takeScreenShot -->
        <test-method is-config="true" signature="tearDownClass()[pri:0, instance:auto.framework.AmazonTestRunner@4facf68f]" started-at="2020-09-17T02:17:32 CDT" name="tearDownClass" finished-at="2020-09-17T02:17:34 CDT" duration-ms="2106" status="PASS">
          <reporter-output>
          </reporter-output>
        </test-method> <!-- tearDownClass -->
      </class> <!-- auto.framework.AmazonTestRunner -->
    </test> <!-- Amazon-Chrome -->
    <test started-at="2020-09-17T02:17:34 CDT" name="Amazon-Firefox" finished-at="2020-09-17T02:17:54 CDT" duration-ms="19959">
      <class name="auto.framework.AmazonTestRunner">
        <test-method is-config="true" signature="initTestSuite()[pri:0, instance:auto.framework.AmazonTestRunner@5f058f00]" started-at="2020-09-17T02:17:13 CDT" name="initTestSuite" finished-at="2020-09-17T02:17:13 CDT" duration-ms="28" status="PASS">
          <reporter-output>
          </reporter-output>
        </test-method> <!-- initTestSuite -->
        <test-method is-config="true" signature="initWebDriver(java.lang.String, java.lang.String)[pri:0, instance:auto.framework.AmazonTestRunner@5f058f00]" started-at="2020-09-17T02:17:34 CDT" name="initWebDriver" finished-at="2020-09-17T02:17:37 CDT" duration-ms="2773" status="PASS">
          <params>
            <param index="0">
              <value>
                <![CDATA[firefox]]>
              </value>
            </param>
            <param index="1">
              <value>
                <![CDATA[local]]>
              </value>
            </param>
          </params>
          <reporter-output>
          </reporter-output>
        </test-method> <!-- initWebDriver -->
        <test-method is-config="true" signature="setUpClass()[pri:0, instance:auto.framework.AmazonTestRunner@5f058f00]" started-at="2020-09-17T02:17:37 CDT" name="setUpClass" finished-at="2020-09-17T02:17:37 CDT" duration-ms="30" status="PASS">
          <reporter-output>
          </reporter-output>
        </test-method> <!-- setUpClass -->
        <test-method signature="runScenario(io.cucumber.testng.PickleWrapper, io.cucumber.testng.FeatureWrapper)[pri:0, instance:auto.framework.AmazonTestRunner@5f058f00]" started-at="2020-09-17T02:17:37 CDT" name="runScenario" description="Runs Cucumber Scenarios" data-provider="scenarios" finished-at="2020-09-17T02:17:53 CDT" duration-ms="15512" status="FAIL">
          <params>
            <param index="0">
              <value>
                <![CDATA["Search Mobile and Add to Cart"]]>
              </value>
            </param>
            <param index="1">
              <value>
                <![CDATA["Optional[Validate URL redirection]"]]>
              </value>
            </param>
          </params>
          <exception class="org.openqa.selenium.TimeoutException">
            <message>
              <![CDATA[Expected condition failed: waiting for visibility of [[RemoteWebDriver: firefox on LINUX (7f34dc2a-11b8-4f68-a6ac-4a378e624dae)] -> xpath: //div[@id='contextualIngressPtLabel_deliveryShortLine']] (tried for 10 second(s) with 500 milliseconds interval)
Build info: version: '3.141.59', revision: 'e82be7d358', time: '2018-11-14T08:17:03'
System info: host: 'autodev', ip: '192.168.1.247', os.name: 'Linux', os.arch: 'amd64', os.version: '5.4.0-45-generic', java.version: '11.0.8'
Driver info: org.openqa.selenium.remote.RemoteWebDriver
Capabilities {acceptInsecureCerts: false, browserName: firefox, browserVersion: 80.0.1, javascriptEnabled: true, moz:accessibilityChecks: false, moz:buildID: 20200831163820, moz:geckodriverVersion: 0.27.0, moz:headless: false, moz:processID: 163271, moz:profile: /tmp/rust_mozprofiletPG6zB, moz:shutdownTimeout: 60000, moz:useNonSpecCompliantPointerOrigin: false, moz:webdriverClick: true, pageLoadStrategy: normal, platform: LINUX, platformName: LINUX, platformVersion: 5.4.0-45-generic, rotatable: false, setWindowRect: true, strictFileInteractability: false, timeouts: {implicit: 0, pageLoad: 300000, script: 30000}, unhandledPromptBehavior: dismiss and notify, webdriver.remote.sessionid: 7f34dc2a-11b8-4f68-a6ac-4a3...}
Session ID: 7f34dc2a-11b8-4f68-a6ac-4a378e624dae]]>
            </message>
            <full-stacktrace>
              <![CDATA[org.openqa.selenium.TimeoutException: Expected condition failed: waiting for visibility of [[RemoteWebDriver: firefox on LINUX (7f34dc2a-11b8-4f68-a6ac-4a378e624dae)] -> xpath: //div[@id='contextualIngressPtLabel_deliveryShortLine']] (tried for 10 second(s) with 500 milliseconds interval)
Build info: version: '3.141.59', revision: 'e82be7d358', time: '2018-11-14T08:17:03'
System info: host: 'autodev', ip: '192.168.1.247', os.name: 'Linux', os.arch: 'amd64', os.version: '5.4.0-45-generic', java.version: '11.0.8'
Driver info: org.openqa.selenium.remote.RemoteWebDriver
Capabilities {acceptInsecureCerts: false, browserName: firefox, browserVersion: 80.0.1, javascriptEnabled: true, moz:accessibilityChecks: false, moz:buildID: 20200831163820, moz:geckodriverVersion: 0.27.0, moz:headless: false, moz:processID: 163271, moz:profile: /tmp/rust_mozprofiletPG6zB, moz:shutdownTimeout: 60000, moz:useNonSpecCompliantPointerOrigin: false, moz:webdriverClick: true, pageLoadStrategy: normal, platform: LINUX, platformName: LINUX, platformVersion: 5.4.0-45-generic, rotatable: false, setWindowRect: true, strictFileInteractability: false, timeouts: {implicit: 0, pageLoad: 300000, script: 30000}, unhandledPromptBehavior: dismiss and notify, webdriver.remote.sessionid: 7f34dc2a-11b8-4f68-a6ac-4a3...}
Session ID: 7f34dc2a-11b8-4f68-a6ac-4a378e624dae
at org.openqa.selenium.support.ui.WebDriverWait.timeoutException(WebDriverWait.java:95)
at org.openqa.selenium.support.ui.FluentWait.until(FluentWait.java:272)
at auto.framework.pageobjects.Page.waitForElement(Page.java:90)
at com.amazon.pom.category.electronics.Mobile.changeDeliveryLocation(Mobile.java:134)
at com.amazon.test.AmazonTestBase.changeDeliveryLocation(AmazonTestBase.java:175)
at com.amazon.test.AmazonTestMobileAddToCart.user_changes_delivery_location_and_validates(AmazonTestMobileAddToCart.java:36)
at ✽.User changes delivery location 600088 and validates(file:///home/rmuruge/eclipse-workspace/cucumber-project/selenium-cucumber-framework/features/amazon/amz-validate-urls.feature:104)
]]>
            </full-stacktrace>
          </exception> <!-- org.openqa.selenium.TimeoutException -->
          <reporter-output>
          </reporter-output>
        </test-method> <!-- runScenario -->
        <test-method is-config="true" signature="takeScreenShot()[pri:0, instance:auto.framework.AmazonTestRunner@5f058f00]" started-at="2020-09-17T02:17:53 CDT" name="takeScreenShot" finished-at="2020-09-17T02:17:53 CDT" duration-ms="269" status="PASS">
          <reporter-output>
          </reporter-output>
        </test-method> <!-- takeScreenShot -->
        <test-method is-config="true" signature="tearDownClass()[pri:0, instance:auto.framework.AmazonTestRunner@5f058f00]" started-at="2020-09-17T02:17:53 CDT" name="tearDownClass" finished-at="2020-09-17T02:17:54 CDT" duration-ms="1331" status="PASS">
          <reporter-output>
          </reporter-output>
        </test-method> <!-- tearDownClass -->
        <test-method is-config="true" signature="tearDown()[pri:0, instance:auto.framework.AmazonTestRunner@5f058f00]" started-at="2020-09-17T02:17:54 CDT" name="tearDown" finished-at="2020-09-17T02:17:55 CDT" duration-ms="547" status="PASS">
          <reporter-output>
          </reporter-output>
        </test-method> <!-- tearDown -->
      </class> <!-- auto.framework.AmazonTestRunner -->
    </test> <!-- Amazon-Firefox -->
  </suite> <!-- ProjectIII -->
</testng-results>
