<?xml version="1.0" encoding="UTF-8"?>
<testng-results ignored="0" total="1" passed="1" failed="0" skipped="0">
  <reporter-output>
  </reporter-output>
  <suite started-at="2020-08-24T02:15:52 CDT" name="Assignments" finished-at="2020-08-24T02:16:10 CDT" duration-ms="17998">
    <groups>
      <group name="cucumber">
        <method signature="AbstractTestNGCucumberTests.runScenario(io.cucumber.testng.PickleWrapper, io.cucumber.testng.FeatureWrapper)[pri:0, instance:auto.framework.RunCucumberShopCluesTest@470f1802]" name="runScenario" class="io.cucumber.testng.AbstractTestNGCucumberTests"/>
      </group> <!-- cucumber -->
    </groups>
    <test started-at="2020-08-24T02:15:52 CDT" name="Assignment12" finished-at="2020-08-24T02:16:10 CDT" duration-ms="17998">
      <class name="auto.framework.RunCucumberShopCluesTest">
        <test-method is-config="true" signature="initTestSuite()[pri:0, instance:auto.framework.RunCucumberShopCluesTest@470f1802]" started-at="2020-08-24T02:15:52 CDT" name="initTestSuite" finished-at="2020-08-24T02:15:52 CDT" duration-ms="44" status="PASS">
          <reporter-output>
          </reporter-output>
        </test-method> <!-- initTestSuite -->
        <test-method is-config="true" signature="initWebDriver(java.lang.String, java.lang.String)[pri:0, instance:auto.framework.RunCucumberShopCluesTest@470f1802]" started-at="2020-08-24T02:15:52 CDT" name="initWebDriver" finished-at="2020-08-24T02:15:53 CDT" duration-ms="1386" status="PASS">
          <params>
            <param index="0">
              <value>
                <![CDATA[chrome]]>
              </value>
            </param>
            <param index="1">
              <value>
                <![CDATA[local]]>
              </value>
            </param>
          </params>
          <reporter-output>
          </reporter-output>
        </test-method> <!-- initWebDriver -->
        <test-method is-config="true" signature="setUpClass()[pri:0, instance:auto.framework.RunCucumberShopCluesTest@470f1802]" started-at="2020-08-24T02:15:53 CDT" name="setUpClass" finished-at="2020-08-24T02:15:54 CDT" duration-ms="592" status="PASS">
          <reporter-output>
          </reporter-output>
        </test-method> <!-- setUpClass -->
        <test-method signature="runScenario(io.cucumber.testng.PickleWrapper, io.cucumber.testng.FeatureWrapper)[pri:0, instance:auto.framework.RunCucumberShopCluesTest@470f1802]" started-at="2020-08-24T02:15:54 CDT" name="runScenario" description="Runs Cucumber Scenarios" data-provider="scenarios" finished-at="2020-08-24T02:16:10 CDT" duration-ms="15670" status="PASS">
          <params>
            <param index="0">
              <value>
                <![CDATA["Add to cart from different dropdown links"]]>
              </value>
            </param>
            <param index="1">
              <value>
                <![CDATA["Optional[Test adding a items to cart from menu items]"]]>
              </value>
            </param>
          </params>
          <reporter-output>
          </reporter-output>
        </test-method> <!-- runScenario -->
        <test-method is-config="true" signature="takeScreenShot()[pri:0, instance:auto.framework.RunCucumberShopCluesTest@470f1802]" started-at="2020-08-24T02:16:10 CDT" name="takeScreenShot" finished-at="2020-08-24T02:16:10 CDT" duration-ms="200" status="PASS">
          <reporter-output>
          </reporter-output>
        </test-method> <!-- takeScreenShot -->
        <test-method is-config="true" signature="tearDownClass()[pri:0, instance:auto.framework.RunCucumberShopCluesTest@470f1802]" started-at="2020-08-24T02:16:10 CDT" name="tearDownClass" finished-at="2020-08-24T02:16:10 CDT" duration-ms="114" status="PASS">
          <reporter-output>
          </reporter-output>
        </test-method> <!-- tearDownClass -->
        <test-method is-config="true" signature="tearDown()[pri:0, instance:auto.framework.RunCucumberShopCluesTest@470f1802]" started-at="2020-08-24T02:16:10 CDT" name="tearDown" finished-at="2020-08-24T02:16:10 CDT" duration-ms="69" status="PASS">
          <reporter-output>
          </reporter-output>
        </test-method> <!-- tearDown -->
      </class> <!-- auto.framework.RunCucumberShopCluesTest -->
    </test> <!-- Assignment12 -->
  </suite> <!-- Assignments -->
</testng-results>
