<?xml version="1.0" encoding="UTF-8"?>
<testng-results ignored="0" total="4" passed="4" failed="0" skipped="0">
  <reporter-output>
  </reporter-output>
  <suite started-at="2020-09-07T21:56:32 CDT" name="ProjectIII" finished-at="2020-09-07T21:57:00 CDT" duration-ms="27884">
    <groups>
      <group name="cucumber">
        <method signature="AbstractTestNGCucumberTests.runScenario(io.cucumber.testng.PickleWrapper, io.cucumber.testng.FeatureWrapper)[pri:0, instance:auto.framework.AmazonTestRunner@4ac3c60d]" name="runScenario" class="io.cucumber.testng.AbstractTestNGCucumberTests"/>
        <method signature="AbstractTestNGCucumberTests.runScenario(io.cucumber.testng.PickleWrapper, io.cucumber.testng.FeatureWrapper)[pri:0, instance:auto.framework.AmazonTestRunner@55b7a4e0]" name="runScenario" class="io.cucumber.testng.AbstractTestNGCucumberTests"/>
      </group> <!-- cucumber -->
    </groups>
    <test started-at="2020-09-07T21:56:32 CDT" name="Amazon-Chrome" finished-at="2020-09-07T21:56:44 CDT" duration-ms="11964">
      <class name="auto.framework.AmazonTestRunner">
        <test-method is-config="true" signature="initWebDriver(java.lang.String, java.lang.String)[pri:0, instance:auto.framework.AmazonTestRunner@4ac3c60d]" started-at="2020-09-07T21:56:32 CDT" name="initWebDriver" finished-at="2020-09-07T21:56:33 CDT" duration-ms="814" status="PASS">
          <params>
            <param index="0">
              <value>
                <![CDATA[chrome]]>
              </value>
            </param>
            <param index="1">
              <value>
                <![CDATA[local]]>
              </value>
            </param>
          </params>
          <reporter-output>
          </reporter-output>
        </test-method> <!-- initWebDriver -->
        <test-method is-config="true" signature="setUpClass()[pri:0, instance:auto.framework.AmazonTestRunner@4ac3c60d]" started-at="2020-09-07T21:56:33 CDT" name="setUpClass" finished-at="2020-09-07T21:56:34 CDT" duration-ms="413" status="PASS">
          <reporter-output>
          </reporter-output>
        </test-method> <!-- setUpClass -->
        <test-method signature="runScenario(io.cucumber.testng.PickleWrapper, io.cucumber.testng.FeatureWrapper)[pri:0, instance:auto.framework.AmazonTestRunner@4ac3c60d]" started-at="2020-09-07T21:56:34 CDT" name="runScenario" description="Runs Cucumber Scenarios" data-provider="scenarios" finished-at="2020-09-07T21:56:38 CDT" duration-ms="4341" status="PASS">
          <params>
            <param index="0">
              <value>
                <![CDATA["Validate URL Redirection"]]>
              </value>
            </param>
            <param index="1">
              <value>
                <![CDATA["Optional[Validate URL redirection]"]]>
              </value>
            </param>
          </params>
          <reporter-output>
          </reporter-output>
        </test-method> <!-- runScenario -->
        <test-method signature="runScenario(io.cucumber.testng.PickleWrapper, io.cucumber.testng.FeatureWrapper)[pri:0, instance:auto.framework.AmazonTestRunner@4ac3c60d]" started-at="2020-09-07T21:56:39 CDT" name="runScenario" description="Runs Cucumber Scenarios" data-provider="scenarios" finished-at="2020-09-07T21:56:42 CDT" duration-ms="3355" status="PASS">
          <params>
            <param index="0">
              <value>
                <![CDATA["Validate URL Redirection"]]>
              </value>
            </param>
            <param index="1">
              <value>
                <![CDATA["Optional[Validate URL redirection]"]]>
              </value>
            </param>
          </params>
          <reporter-output>
          </reporter-output>
        </test-method> <!-- runScenario -->
        <test-method is-config="true" signature="takeScreenShot()[pri:0, instance:auto.framework.AmazonTestRunner@4ac3c60d]" started-at="2020-09-07T21:56:42 CDT" name="takeScreenShot" finished-at="2020-09-07T21:56:43 CDT" duration-ms="726" status="PASS">
          <reporter-output>
          </reporter-output>
        </test-method> <!-- takeScreenShot -->
        <test-method is-config="true" signature="tearDownClass()[pri:0, instance:auto.framework.AmazonTestRunner@4ac3c60d]" started-at="2020-09-07T21:56:43 CDT" name="tearDownClass" finished-at="2020-09-07T21:56:44 CDT" duration-ms="1729" status="PASS">
          <reporter-output>
          </reporter-output>
        </test-method> <!-- tearDownClass -->
      </class> <!-- auto.framework.AmazonTestRunner -->
    </test> <!-- Amazon-Chrome -->
    <test started-at="2020-09-07T21:56:44 CDT" name="Amazon-Firefox" finished-at="2020-09-07T21:57:00 CDT" duration-ms="15901">
      <class name="auto.framework.AmazonTestRunner">
        <test-method is-config="true" signature="initTestSuite()[pri:0, instance:auto.framework.AmazonTestRunner@55b7a4e0]" started-at="2020-09-07T21:56:32 CDT" name="initTestSuite" finished-at="2020-09-07T21:56:32 CDT" duration-ms="25" status="PASS">
          <reporter-output>
          </reporter-output>
        </test-method> <!-- initTestSuite -->
        <test-method is-config="true" signature="initWebDriver(java.lang.String, java.lang.String)[pri:0, instance:auto.framework.AmazonTestRunner@55b7a4e0]" started-at="2020-09-07T21:56:44 CDT" name="initWebDriver" finished-at="2020-09-07T21:56:47 CDT" duration-ms="2539" status="PASS">
          <params>
            <param index="0">
              <value>
                <![CDATA[firefox]]>
              </value>
            </param>
            <param index="1">
              <value>
                <![CDATA[local]]>
              </value>
            </param>
          </params>
          <reporter-output>
          </reporter-output>
        </test-method> <!-- initWebDriver -->
        <test-method is-config="true" signature="setUpClass()[pri:0, instance:auto.framework.AmazonTestRunner@55b7a4e0]" started-at="2020-09-07T21:56:47 CDT" name="setUpClass" finished-at="2020-09-07T21:56:47 CDT" duration-ms="20" status="PASS">
          <reporter-output>
          </reporter-output>
        </test-method> <!-- setUpClass -->
        <test-method signature="runScenario(io.cucumber.testng.PickleWrapper, io.cucumber.testng.FeatureWrapper)[pri:0, instance:auto.framework.AmazonTestRunner@55b7a4e0]" started-at="2020-09-07T21:56:47 CDT" name="runScenario" description="Runs Cucumber Scenarios" data-provider="scenarios" finished-at="2020-09-07T21:56:50 CDT" duration-ms="3115" status="PASS">
          <params>
            <param index="0">
              <value>
                <![CDATA["Validate URL Redirection"]]>
              </value>
            </param>
            <param index="1">
              <value>
                <![CDATA["Optional[Validate URL redirection]"]]>
              </value>
            </param>
          </params>
          <reporter-output>
          </reporter-output>
        </test-method> <!-- runScenario -->
        <test-method signature="runScenario(io.cucumber.testng.PickleWrapper, io.cucumber.testng.FeatureWrapper)[pri:0, instance:auto.framework.AmazonTestRunner@55b7a4e0]" started-at="2020-09-07T21:56:50 CDT" name="runScenario" description="Runs Cucumber Scenarios" data-provider="scenarios" finished-at="2020-09-07T21:56:59 CDT" duration-ms="8406" status="PASS">
          <params>
            <param index="0">
              <value>
                <![CDATA["Validate URL Redirection"]]>
              </value>
            </param>
            <param index="1">
              <value>
                <![CDATA["Optional[Validate URL redirection]"]]>
              </value>
            </param>
          </params>
          <reporter-output>
          </reporter-output>
        </test-method> <!-- runScenario -->
        <test-method is-config="true" signature="takeScreenShot()[pri:0, instance:auto.framework.AmazonTestRunner@55b7a4e0]" started-at="2020-09-07T21:56:59 CDT" name="takeScreenShot" finished-at="2020-09-07T21:56:59 CDT" duration-ms="380" status="PASS">
          <reporter-output>
          </reporter-output>
        </test-method> <!-- takeScreenShot -->
        <test-method is-config="true" signature="tearDownClass()[pri:0, instance:auto.framework.AmazonTestRunner@55b7a4e0]" started-at="2020-09-07T21:56:59 CDT" name="tearDownClass" finished-at="2020-09-07T21:57:00 CDT" duration-ms="1387" status="PASS">
          <reporter-output>
          </reporter-output>
        </test-method> <!-- tearDownClass -->
        <test-method is-config="true" signature="tearDown()[pri:0, instance:auto.framework.AmazonTestRunner@55b7a4e0]" started-at="2020-09-07T21:57:00 CDT" name="tearDown" finished-at="2020-09-07T21:57:01 CDT" duration-ms="551" status="PASS">
          <reporter-output>
          </reporter-output>
        </test-method> <!-- tearDown -->
      </class> <!-- auto.framework.AmazonTestRunner -->
    </test> <!-- Amazon-Firefox -->
  </suite> <!-- ProjectIII -->
</testng-results>
