<?xml version="1.0" encoding="UTF-8"?>
<testng-results ignored="0" total="7" passed="5" failed="2" skipped="0">
  <reporter-output>
  </reporter-output>
  <suite started-at="2020-09-18T00:13:31 CDT" name="ProjectIII" finished-at="2020-09-18T00:14:14 CDT" duration-ms="43634">
    <groups>
      <group name="cucumber">
        <method signature="AbstractTestNGCucumberTests.runScenario(io.cucumber.testng.PickleWrapper, io.cucumber.testng.FeatureWrapper)[pri:0, instance:auto.framework.AmazonTestRunner@41e36e46]" name="runScenario" class="io.cucumber.testng.AbstractTestNGCucumberTests"/>
      </group> <!-- cucumber -->
    </groups>
    <test started-at="2020-09-18T00:13:31 CDT" name="Amazon-Chrome" finished-at="2020-09-18T00:14:14 CDT" duration-ms="43634">
      <class name="auto.framework.AmazonTestRunner">
        <test-method is-config="true" signature="initTestSuite()[pri:0, instance:auto.framework.AmazonTestRunner@41e36e46]" started-at="2020-09-18T00:13:31 CDT" name="initTestSuite" finished-at="2020-09-18T00:13:31 CDT" duration-ms="114" status="PASS">
          <reporter-output>
          </reporter-output>
        </test-method> <!-- initTestSuite -->
        <test-method is-config="true" signature="initWebDriver(java.lang.String, java.lang.String)[pri:0, instance:auto.framework.AmazonTestRunner@41e36e46]" started-at="2020-09-18T00:13:31 CDT" name="initWebDriver" finished-at="2020-09-18T00:13:31 CDT" duration-ms="824" status="PASS">
          <params>
            <param index="0">
              <value>
                <![CDATA[chrome]]>
              </value>
            </param>
            <param index="1">
              <value>
                <![CDATA[local]]>
              </value>
            </param>
          </params>
          <reporter-output>
          </reporter-output>
        </test-method> <!-- initWebDriver -->
        <test-method is-config="true" signature="setUpClass()[pri:0, instance:auto.framework.AmazonTestRunner@41e36e46]" started-at="2020-09-18T00:13:31 CDT" name="setUpClass" finished-at="2020-09-18T00:13:32 CDT" duration-ms="416" status="PASS">
          <reporter-output>
          </reporter-output>
        </test-method> <!-- setUpClass -->
        <test-method signature="runScenario(io.cucumber.testng.PickleWrapper, io.cucumber.testng.FeatureWrapper)[pri:0, instance:auto.framework.AmazonTestRunner@41e36e46]" started-at="2020-09-18T00:13:32 CDT" name="runScenario" description="Runs Cucumber Scenarios" data-provider="scenarios" finished-at="2020-09-18T00:13:36 CDT" duration-ms="4405" status="PASS">
          <params>
            <param index="0">
              <value>
                <![CDATA["Validate URL Redirection"]]>
              </value>
            </param>
            <param index="1">
              <value>
                <![CDATA["Optional[Validate URL redirection]"]]>
              </value>
            </param>
          </params>
          <reporter-output>
          </reporter-output>
        </test-method> <!-- runScenario -->
        <test-method signature="runScenario(io.cucumber.testng.PickleWrapper, io.cucumber.testng.FeatureWrapper)[pri:0, instance:auto.framework.AmazonTestRunner@41e36e46]" started-at="2020-09-18T00:13:37 CDT" name="runScenario" description="Runs Cucumber Scenarios" data-provider="scenarios" finished-at="2020-09-18T00:13:39 CDT" duration-ms="2798" status="PASS">
          <params>
            <param index="0">
              <value>
                <![CDATA["Validate URL Redirection"]]>
              </value>
            </param>
            <param index="1">
              <value>
                <![CDATA["Optional[Validate URL redirection]"]]>
              </value>
            </param>
          </params>
          <reporter-output>
          </reporter-output>
        </test-method> <!-- runScenario -->
        <test-method signature="runScenario(io.cucumber.testng.PickleWrapper, io.cucumber.testng.FeatureWrapper)[pri:0, instance:auto.framework.AmazonTestRunner@41e36e46]" started-at="2020-09-18T00:13:39 CDT" name="runScenario" description="Runs Cucumber Scenarios" data-provider="scenarios" finished-at="2020-09-18T00:13:46 CDT" duration-ms="6235" status="FAIL">
          <params>
            <param index="0">
              <value>
                <![CDATA["Test Login correct credentials"]]>
              </value>
            </param>
            <param index="1">
              <value>
                <![CDATA["Optional[Validate URL redirection]"]]>
              </value>
            </param>
          </params>
          <exception class="java.lang.AssertionError">
            <message>
              <![CDATA[expected [true] but found [false]]]>
            </message>
            <full-stacktrace>
              <![CDATA[java.lang.AssertionError: expected [true] but found [false]
at org.testng.Assert.fail(Assert.java:97)
at org.testng.Assert.assertEqualsImpl(Assert.java:136)
at org.testng.Assert.assertEquals(Assert.java:118)
at org.testng.Assert.assertEquals(Assert.java:751)
at org.testng.Assert.assertEquals(Assert.java:761)
at com.amazon.test.AmazonTestBase.confirmLogin(AmazonTestBase.java:151)
at com.amazon.test.features.AmazonTestSearchProduct.user_sees_greetings_message(AmazonTestSearchProduct.java:75)
at ✽.User sees greeting message Hi 'Rajkumar' on the top navigation(file:///home/rmuruge/eclipse-workspace/cucumber-project/selenium-cucumber-framework/features/amazon/amazon_regression_suite.feature:66)
]]>
            </full-stacktrace>
          </exception> <!-- java.lang.AssertionError -->
          <reporter-output>
          </reporter-output>
        </test-method> <!-- runScenario -->
        <test-method signature="runScenario(io.cucumber.testng.PickleWrapper, io.cucumber.testng.FeatureWrapper)[pri:0, instance:auto.framework.AmazonTestRunner@41e36e46]" started-at="2020-09-18T00:13:46 CDT" name="runScenario" description="Runs Cucumber Scenarios" data-provider="scenarios" finished-at="2020-09-18T00:13:49 CDT" duration-ms="3410" status="FAIL">
          <params>
            <param index="0">
              <value>
                <![CDATA["Test Login incorrect credentials"]]>
              </value>
            </param>
            <param index="1">
              <value>
                <![CDATA["Optional[Validate URL redirection]"]]>
              </value>
            </param>
          </params>
          <exception class="org.openqa.selenium.NoSuchElementException">
            <message>
              <![CDATA[no such element: Unable to locate element: {"method":"css selector","selector":"#ap_password"}
  (Session info: chrome=85.0.4183.83)
For documentation on this error, please visit: https://www.seleniumhq.org/exceptions/no_such_element.html
Build info: version: '3.141.59', revision: 'e82be7d358', time: '2018-11-14T08:17:03'
System info: host: 'autodev', ip: '192.168.1.247', os.name: 'Linux', os.arch: 'amd64', os.version: '5.4.0-45-generic', java.version: '11.0.8'
Driver info: org.openqa.selenium.remote.RemoteWebDriver
Capabilities {acceptInsecureCerts: false, browserName: chrome, browserVersion: 85.0.4183.83, chrome: {chromedriverVersion: 84.0.4147.30 (48b3e868b4cc0..., userDataDir: /tmp/.com.google.Chrome.UPF2nd}, goog:chromeOptions: {debuggerAddress: localhost:38397}, javascriptEnabled: true, networkConnectionEnabled: false, pageLoadStrategy: normal, platform: LINUX, platformName: LINUX, proxy: Proxy(), setWindowRect: true, strictFileInteractability: false, timeouts: {implicit: 0, pageLoad: 300000, script: 30000}, unhandledPromptBehavior: dismiss and notify, webauthn:virtualAuthenticators: true, webdriver.remote.sessionid: b82d65e49ec84243faec8b5f81d...}
Session ID: b82d65e49ec84243faec8b5f81dc9032
*** Element info: {Using=id, value=ap_password}]]>
            </message>
            <full-stacktrace>
              <![CDATA[org.openqa.selenium.NoSuchElementException: no such element: Unable to locate element: {"method":"css selector","selector":"#ap_password"}
  (Session info: chrome=85.0.4183.83)
For documentation on this error, please visit: https://www.seleniumhq.org/exceptions/no_such_element.html
Build info: version: '3.141.59', revision: 'e82be7d358', time: '2018-11-14T08:17:03'
System info: host: 'autodev', ip: '192.168.1.247', os.name: 'Linux', os.arch: 'amd64', os.version: '5.4.0-45-generic', java.version: '11.0.8'
Driver info: org.openqa.selenium.remote.RemoteWebDriver
Capabilities {acceptInsecureCerts: false, browserName: chrome, browserVersion: 85.0.4183.83, chrome: {chromedriverVersion: 84.0.4147.30 (48b3e868b4cc0..., userDataDir: /tmp/.com.google.Chrome.UPF2nd}, goog:chromeOptions: {debuggerAddress: localhost:38397}, javascriptEnabled: true, networkConnectionEnabled: false, pageLoadStrategy: normal, platform: LINUX, platformName: LINUX, proxy: Proxy(), setWindowRect: true, strictFileInteractability: false, timeouts: {implicit: 0, pageLoad: 300000, script: 30000}, unhandledPromptBehavior: dismiss and notify, webauthn:virtualAuthenticators: true, webdriver.remote.sessionid: b82d65e49ec84243faec8b5f81d...}
Session ID: b82d65e49ec84243faec8b5f81dc9032
*** Element info: {Using=id, value=ap_password}
at java.base/jdk.internal.reflect.NativeConstructorAccessorImpl.newInstance0(Native Method)
at java.base/jdk.internal.reflect.NativeConstructorAccessorImpl.newInstance(NativeConstructorAccessorImpl.java:62)
at java.base/jdk.internal.reflect.DelegatingConstructorAccessorImpl.newInstance(DelegatingConstructorAccessorImpl.java:45)
at java.base/java.lang.reflect.Constructor.newInstance(Constructor.java:490)
at org.openqa.selenium.remote.http.W3CHttpResponseCodec.createException(W3CHttpResponseCodec.java:187)
at org.openqa.selenium.remote.http.W3CHttpResponseCodec.decode(W3CHttpResponseCodec.java:122)
at org.openqa.selenium.remote.http.W3CHttpResponseCodec.decode(W3CHttpResponseCodec.java:49)
at org.openqa.selenium.remote.HttpCommandExecutor.execute(HttpCommandExecutor.java:158)
at org.openqa.selenium.remote.RemoteWebDriver.execute(RemoteWebDriver.java:552)
at org.openqa.selenium.remote.RemoteWebDriver.findElement(RemoteWebDriver.java:323)
at org.openqa.selenium.remote.RemoteWebDriver.findElementById(RemoteWebDriver.java:372)
at org.openqa.selenium.By$ById.findElement(By.java:188)
at org.openqa.selenium.remote.RemoteWebDriver.findElement(RemoteWebDriver.java:315)
at org.openqa.selenium.support.pagefactory.DefaultElementLocator.findElement(DefaultElementLocator.java:69)
at org.openqa.selenium.support.pagefactory.internal.LocatingElementHandler.invoke(LocatingElementHandler.java:38)
at com.sun.proxy.$Proxy26.sendKeys(Unknown Source)
at com.amazon.pom.LoginPage.enterPassword(LoginPage.java:74)
at com.amazon.pom.LoginPage.enterPassword(LoginPage.java:79)
at com.amazon.test.AmazonTestBase.enterPassword(AmazonTestBase.java:147)
at com.amazon.test.features.AmazonTestSearchProduct.user_enters_bad_password_clicks(AmazonTestSearchProduct.java:70)
at ✽.User enters bad password 'fakepassword' and clicks on 'Login' button(file:///home/rmuruge/eclipse-workspace/cucumber-project/selenium-cucumber-framework/features/amazon/amazon_regression_suite.feature:79)
]]>
            </full-stacktrace>
          </exception> <!-- org.openqa.selenium.NoSuchElementException -->
          <reporter-output>
          </reporter-output>
        </test-method> <!-- runScenario -->
        <test-method signature="runScenario(io.cucumber.testng.PickleWrapper, io.cucumber.testng.FeatureWrapper)[pri:0, instance:auto.framework.AmazonTestRunner@41e36e46]" started-at="2020-09-18T00:13:49 CDT" name="runScenario" description="Runs Cucumber Scenarios" data-provider="scenarios" finished-at="2020-09-18T00:13:52 CDT" duration-ms="3286" status="PASS">
          <params>
            <param index="0">
              <value>
                <![CDATA["Search Mobile"]]>
              </value>
            </param>
            <param index="1">
              <value>
                <![CDATA["Optional[Validate URL redirection]"]]>
              </value>
            </param>
          </params>
          <reporter-output>
          </reporter-output>
        </test-method> <!-- runScenario -->
        <test-method signature="runScenario(io.cucumber.testng.PickleWrapper, io.cucumber.testng.FeatureWrapper)[pri:0, instance:auto.framework.AmazonTestRunner@41e36e46]" started-at="2020-09-18T00:13:52 CDT" name="runScenario" description="Runs Cucumber Scenarios" data-provider="scenarios" finished-at="2020-09-18T00:14:03 CDT" duration-ms="10709" status="PASS">
          <params>
            <param index="0">
              <value>
                <![CDATA["Search Mobile and Add to Cart"]]>
              </value>
            </param>
            <param index="1">
              <value>
                <![CDATA["Optional[Validate URL redirection]"]]>
              </value>
            </param>
          </params>
          <reporter-output>
          </reporter-output>
        </test-method> <!-- runScenario -->
        <test-method signature="runScenario(io.cucumber.testng.PickleWrapper, io.cucumber.testng.FeatureWrapper)[pri:0, instance:auto.framework.AmazonTestRunner@41e36e46]" started-at="2020-09-18T00:14:03 CDT" name="runScenario" description="Runs Cucumber Scenarios" data-provider="scenarios" finished-at="2020-09-18T00:14:12 CDT" duration-ms="8836" status="PASS">
          <params>
            <param index="0">
              <value>
                <![CDATA["Search Mobile, play videos and check review"]]>
              </value>
            </param>
            <param index="1">
              <value>
                <![CDATA["Optional[Validate URL redirection]"]]>
              </value>
            </param>
          </params>
          <reporter-output>
          </reporter-output>
        </test-method> <!-- runScenario -->
        <test-method is-config="true" signature="takeScreenShot()[pri:0, instance:auto.framework.AmazonTestRunner@41e36e46]" started-at="2020-09-18T00:14:12 CDT" name="takeScreenShot" finished-at="2020-09-18T00:14:12 CDT" duration-ms="355" status="PASS">
          <reporter-output>
          </reporter-output>
        </test-method> <!-- takeScreenShot -->
        <test-method is-config="true" signature="tearDownClass()[pri:0, instance:auto.framework.AmazonTestRunner@41e36e46]" started-at="2020-09-18T00:14:12 CDT" name="tearDownClass" finished-at="2020-09-18T00:14:14 CDT" duration-ms="1941" status="PASS">
          <reporter-output>
          </reporter-output>
        </test-method> <!-- tearDownClass -->
        <test-method is-config="true" signature="tearDown()[pri:0, instance:auto.framework.AmazonTestRunner@41e36e46]" started-at="2020-09-18T00:14:14 CDT" name="tearDown" finished-at="2020-09-18T00:14:14 CDT" duration-ms="54" status="PASS">
          <reporter-output>
          </reporter-output>
        </test-method> <!-- tearDown -->
      </class> <!-- auto.framework.AmazonTestRunner -->
    </test> <!-- Amazon-Chrome -->
  </suite> <!-- ProjectIII -->
</testng-results>
